#Build: Fabric Compiler 2022.2-SP6.1, Build 138931, Nov 01 09:11 2023
#Install: E:\fpga\Pango\PDS_2022.2-SP6.1\bin
#Application name: pds_shell.exe
#OS: Windows 10 10.0.26200
#Hostname: LAPTOP-IP1UM3GN
Generated by Fabric Compiler (version 2022.2-SP6.1 build 138931) at Thu May 21 12:19:05 2026
Compiling verification operator library.
Compiling common defs.
Compiling prim grid devices.
Compiling gate devices.
Compiling gate operators.
Building architecture model.
Loading device packaging model.
pnr strategy configuration : 
strategy name : 0
Building architecture floorplan logic view.
Constraint check start.
Executing : def_port {mat1_anode[0]} LOC=135 VCCIO=3.3 IOSTANDARD=LVCMOS33 DRIVE=4 SLEW=SLOW NONE=TRUE
Executing : def_port {mat1_anode[0]} LOC=135 VCCIO=3.3 IOSTANDARD=LVCMOS33 DRIVE=4 SLEW=SLOW NONE=TRUE successfully
Executing : def_port {mat1_anode[1]} LOC=134 VCCIO=3.3 IOSTANDARD=LVCMOS33 DRIVE=4 SLEW=SLOW NONE=TRUE
Executing : def_port {mat1_anode[1]} LOC=134 VCCIO=3.3 IOSTANDARD=LVCMOS33 DRIVE=4 SLEW=SLOW NONE=TRUE successfully
Executing : def_port {mat1_anode[2]} LOC=133 VCCIO=3.3 IOSTANDARD=LVCMOS33 DRIVE=4 SLEW=SLOW NONE=TRUE
Executing : def_port {mat1_anode[2]} LOC=133 VCCIO=3.3 IOSTANDARD=LVCMOS33 DRIVE=4 SLEW=SLOW NONE=TRUE successfully
Executing : def_port {mat1_anode[3]} LOC=132 VCCIO=3.3 IOSTANDARD=LVCMOS33 DRIVE=4 SLEW=SLOW NONE=TRUE
Executing : def_port {mat1_anode[3]} LOC=132 VCCIO=3.3 IOSTANDARD=LVCMOS33 DRIVE=4 SLEW=SLOW NONE=TRUE successfully
Executing : def_port {mat1_anode[4]} LOC=131 VCCIO=3.3 IOSTANDARD=LVCMOS33 DRIVE=4 SLEW=SLOW NONE=TRUE
Executing : def_port {mat1_anode[4]} LOC=131 VCCIO=3.3 IOSTANDARD=LVCMOS33 DRIVE=4 SLEW=SLOW NONE=TRUE successfully
Executing : def_port {mat1_anode[5]} LOC=130 VCCIO=3.3 IOSTANDARD=LVCMOS33 DRIVE=4 SLEW=SLOW NONE=TRUE
Executing : def_port {mat1_anode[5]} LOC=130 VCCIO=3.3 IOSTANDARD=LVCMOS33 DRIVE=4 SLEW=SLOW NONE=TRUE successfully
Executing : def_port {mat1_anode[6]} LOC=129 VCCIO=3.3 IOSTANDARD=LVCMOS33 DRIVE=4 SLEW=SLOW NONE=TRUE
Executing : def_port {mat1_anode[6]} LOC=129 VCCIO=3.3 IOSTANDARD=LVCMOS33 DRIVE=4 SLEW=SLOW NONE=TRUE successfully
Executing : def_port {mat1_anode[7]} LOC=128 VCCIO=3.3 IOSTANDARD=LVCMOS33 DRIVE=4 SLEW=SLOW NONE=TRUE
Executing : def_port {mat1_anode[7]} LOC=128 VCCIO=3.3 IOSTANDARD=LVCMOS33 DRIVE=4 SLEW=SLOW NONE=TRUE successfully
Executing : def_port {mat1_cath[0]} LOC=136 VCCIO=3.3 IOSTANDARD=LVCMOS33 DRIVE=4 SLEW=SLOW NONE=TRUE
Executing : def_port {mat1_cath[0]} LOC=136 VCCIO=3.3 IOSTANDARD=LVCMOS33 DRIVE=4 SLEW=SLOW NONE=TRUE successfully
Executing : def_port {mat1_cath[1]} LOC=137 VCCIO=3.3 IOSTANDARD=LVCMOS33 DRIVE=4 SLEW=SLOW NONE=TRUE
Executing : def_port {mat1_cath[1]} LOC=137 VCCIO=3.3 IOSTANDARD=LVCMOS33 DRIVE=4 SLEW=SLOW NONE=TRUE successfully
Executing : def_port {mat1_cath[2]} LOC=138 VCCIO=3.3 IOSTANDARD=LVCMOS33 DRIVE=4 SLEW=SLOW NONE=TRUE
Executing : def_port {mat1_cath[2]} LOC=138 VCCIO=3.3 IOSTANDARD=LVCMOS33 DRIVE=4 SLEW=SLOW NONE=TRUE successfully
Executing : def_port {mat1_cath[3]} LOC=139 VCCIO=3.3 IOSTANDARD=LVCMOS33 DRIVE=4 SLEW=SLOW NONE=TRUE
Executing : def_port {mat1_cath[3]} LOC=139 VCCIO=3.3 IOSTANDARD=LVCMOS33 DRIVE=4 SLEW=SLOW NONE=TRUE successfully
Executing : def_port {mat1_cath[4]} LOC=141 VCCIO=3.3 IOSTANDARD=LVCMOS33 DRIVE=4 SLEW=SLOW NONE=TRUE
Executing : def_port {mat1_cath[4]} LOC=141 VCCIO=3.3 IOSTANDARD=LVCMOS33 DRIVE=4 SLEW=SLOW NONE=TRUE successfully
Executing : def_port {mat1_cath[5]} LOC=142 VCCIO=3.3 IOSTANDARD=LVCMOS33 DRIVE=4 SLEW=SLOW NONE=TRUE
Executing : def_port {mat1_cath[5]} LOC=142 VCCIO=3.3 IOSTANDARD=LVCMOS33 DRIVE=4 SLEW=SLOW NONE=TRUE successfully
Executing : def_port {mat1_cath[6]} LOC=143 VCCIO=3.3 IOSTANDARD=LVCMOS33 DRIVE=4 SLEW=SLOW NONE=TRUE
Executing : def_port {mat1_cath[6]} LOC=143 VCCIO=3.3 IOSTANDARD=LVCMOS33 DRIVE=4 SLEW=SLOW NONE=TRUE successfully
Executing : def_port {mat1_cath[7]} LOC=144 VCCIO=3.3 IOSTANDARD=LVCMOS33 DRIVE=4 SLEW=SLOW NONE=TRUE
C: ConstraintEditor-2002: [D:/fpga/pango/test_12G/device_map/TOP.pcf(line number: 18)] | Port mat1_cath[7] has been placed at location 144, whose type is share pin.
Executing : def_port {mat1_cath[7]} LOC=144 VCCIO=3.3 IOSTANDARD=LVCMOS33 DRIVE=4 SLEW=SLOW NONE=TRUE successfully
Executing : def_port {mat2_anode[0]} LOC=123 VCCIO=3.3 IOSTANDARD=LVCMOS33 DRIVE=4 SLEW=SLOW NONE=TRUE
Executing : def_port {mat2_anode[0]} LOC=123 VCCIO=3.3 IOSTANDARD=LVCMOS33 DRIVE=4 SLEW=SLOW NONE=TRUE successfully
Executing : def_port {mat2_anode[1]} LOC=122 VCCIO=3.3 IOSTANDARD=LVCMOS33 DRIVE=4 SLEW=SLOW NONE=TRUE
Executing : def_port {mat2_anode[1]} LOC=122 VCCIO=3.3 IOSTANDARD=LVCMOS33 DRIVE=4 SLEW=SLOW NONE=TRUE successfully
Executing : def_port {mat2_anode[2]} LOC=121 VCCIO=3.3 IOSTANDARD=LVCMOS33 DRIVE=4 SLEW=SLOW NONE=TRUE
Executing : def_port {mat2_anode[2]} LOC=121 VCCIO=3.3 IOSTANDARD=LVCMOS33 DRIVE=4 SLEW=SLOW NONE=TRUE successfully
Executing : def_port {mat2_anode[3]} LOC=120 VCCIO=3.3 IOSTANDARD=LVCMOS33 DRIVE=4 SLEW=SLOW NONE=TRUE
Executing : def_port {mat2_anode[3]} LOC=120 VCCIO=3.3 IOSTANDARD=LVCMOS33 DRIVE=4 SLEW=SLOW NONE=TRUE successfully
Executing : def_port {mat2_anode[4]} LOC=112 VCCIO=3.3 IOSTANDARD=LVCMOS33 DRIVE=4 SLEW=SLOW NONE=TRUE
Executing : def_port {mat2_anode[4]} LOC=112 VCCIO=3.3 IOSTANDARD=LVCMOS33 DRIVE=4 SLEW=SLOW NONE=TRUE successfully
Executing : def_port {mat2_anode[5]} LOC=111 VCCIO=3.3 IOSTANDARD=LVCMOS33 DRIVE=4 SLEW=SLOW NONE=TRUE
Executing : def_port {mat2_anode[5]} LOC=111 VCCIO=3.3 IOSTANDARD=LVCMOS33 DRIVE=4 SLEW=SLOW NONE=TRUE successfully
Executing : def_port {mat2_anode[6]} LOC=110 VCCIO=3.3 IOSTANDARD=LVCMOS33 DRIVE=4 SLEW=SLOW NONE=TRUE
Executing : def_port {mat2_anode[6]} LOC=110 VCCIO=3.3 IOSTANDARD=LVCMOS33 DRIVE=4 SLEW=SLOW NONE=TRUE successfully
Executing : def_port {mat2_anode[7]} LOC=109 VCCIO=3.3 IOSTANDARD=LVCMOS33 DRIVE=4 SLEW=SLOW NONE=TRUE
Executing : def_port {mat2_anode[7]} LOC=109 VCCIO=3.3 IOSTANDARD=LVCMOS33 DRIVE=4 SLEW=SLOW NONE=TRUE successfully
Executing : def_port {mat2_cath[0]} LOC=100 VCCIO=3.3 IOSTANDARD=LVCMOS33 DRIVE=4 SLEW=SLOW NONE=TRUE
Executing : def_port {mat2_cath[0]} LOC=100 VCCIO=3.3 IOSTANDARD=LVCMOS33 DRIVE=4 SLEW=SLOW NONE=TRUE successfully
Executing : def_port {mat2_cath[1]} LOC=101 VCCIO=3.3 IOSTANDARD=LVCMOS33 DRIVE=4 SLEW=SLOW NONE=TRUE
Executing : def_port {mat2_cath[1]} LOC=101 VCCIO=3.3 IOSTANDARD=LVCMOS33 DRIVE=4 SLEW=SLOW NONE=TRUE successfully
Executing : def_port {mat2_cath[2]} LOC=102 VCCIO=3.3 IOSTANDARD=LVCMOS33 DRIVE=4 SLEW=SLOW NONE=TRUE
Executing : def_port {mat2_cath[2]} LOC=102 VCCIO=3.3 IOSTANDARD=LVCMOS33 DRIVE=4 SLEW=SLOW NONE=TRUE successfully
Executing : def_port {mat2_cath[3]} LOC=103 VCCIO=3.3 IOSTANDARD=LVCMOS33 DRIVE=4 SLEW=SLOW NONE=TRUE
Executing : def_port {mat2_cath[3]} LOC=103 VCCIO=3.3 IOSTANDARD=LVCMOS33 DRIVE=4 SLEW=SLOW NONE=TRUE successfully
Executing : def_port {mat2_cath[4]} LOC=105 VCCIO=3.3 IOSTANDARD=LVCMOS33 DRIVE=4 SLEW=SLOW NONE=TRUE
Executing : def_port {mat2_cath[4]} LOC=105 VCCIO=3.3 IOSTANDARD=LVCMOS33 DRIVE=4 SLEW=SLOW NONE=TRUE successfully
Executing : def_port {mat2_cath[5]} LOC=106 VCCIO=3.3 IOSTANDARD=LVCMOS33 DRIVE=4 SLEW=SLOW NONE=TRUE
Executing : def_port {mat2_cath[5]} LOC=106 VCCIO=3.3 IOSTANDARD=LVCMOS33 DRIVE=4 SLEW=SLOW NONE=TRUE successfully
Executing : def_port {mat2_cath[6]} LOC=107 VCCIO=3.3 IOSTANDARD=LVCMOS33 DRIVE=4 SLEW=SLOW NONE=TRUE
Executing : def_port {mat2_cath[6]} LOC=107 VCCIO=3.3 IOSTANDARD=LVCMOS33 DRIVE=4 SLEW=SLOW NONE=TRUE successfully
Executing : def_port {mat2_cath[7]} LOC=108 VCCIO=3.3 IOSTANDARD=LVCMOS33 DRIVE=4 SLEW=SLOW NONE=TRUE
Executing : def_port {mat2_cath[7]} LOC=108 VCCIO=3.3 IOSTANDARD=LVCMOS33 DRIVE=4 SLEW=SLOW NONE=TRUE successfully
Executing : def_port {mat3_anode[0]} LOC=38 VCCIO=3.3 IOSTANDARD=LVCMOS33 DRIVE=4 SLEW=SLOW NONE=TRUE
C: ConstraintEditor-2002: [D:/fpga/pango/test_12G/device_map/TOP.pcf(line number: 35)] | Port mat3_anode[0] has been placed at location 38, whose type is share pin.
Executing : def_port {mat3_anode[0]} LOC=38 VCCIO=3.3 IOSTANDARD=LVCMOS33 DRIVE=4 SLEW=SLOW NONE=TRUE successfully
Executing : def_port {mat3_anode[1]} LOC=39 VCCIO=3.3 IOSTANDARD=LVCMOS33 DRIVE=4 SLEW=SLOW NONE=TRUE
C: ConstraintEditor-2002: [D:/fpga/pango/test_12G/device_map/TOP.pcf(line number: 36)] | Port mat3_anode[1] has been placed at location 39, whose type is share pin.
Executing : def_port {mat3_anode[1]} LOC=39 VCCIO=3.3 IOSTANDARD=LVCMOS33 DRIVE=4 SLEW=SLOW NONE=TRUE successfully
Executing : def_port {mat3_anode[2]} LOC=40 VCCIO=3.3 IOSTANDARD=LVCMOS33 DRIVE=4 SLEW=SLOW NONE=TRUE
Executing : def_port {mat3_anode[2]} LOC=40 VCCIO=3.3 IOSTANDARD=LVCMOS33 DRIVE=4 SLEW=SLOW NONE=TRUE successfully
Executing : def_port {mat3_anode[3]} LOC=46 VCCIO=3.3 IOSTANDARD=LVCMOS33 DRIVE=4 SLEW=SLOW NONE=TRUE
Executing : def_port {mat3_anode[3]} LOC=46 VCCIO=3.3 IOSTANDARD=LVCMOS33 DRIVE=4 SLEW=SLOW NONE=TRUE successfully
Executing : def_port {mat3_anode[4]} LOC=47 VCCIO=3.3 IOSTANDARD=LVCMOS33 DRIVE=4 SLEW=SLOW NONE=TRUE
Executing : def_port {mat3_anode[4]} LOC=47 VCCIO=3.3 IOSTANDARD=LVCMOS33 DRIVE=4 SLEW=SLOW NONE=TRUE successfully
Executing : def_port {mat3_anode[5]} LOC=52 VCCIO=3.3 IOSTANDARD=LVCMOS33 DRIVE=4 SLEW=SLOW NONE=TRUE
C: ConstraintEditor-2002: [D:/fpga/pango/test_12G/device_map/TOP.pcf(line number: 40)] | Port mat3_anode[5] has been placed at location 52, whose type is share pin.
Executing : def_port {mat3_anode[5]} LOC=52 VCCIO=3.3 IOSTANDARD=LVCMOS33 DRIVE=4 SLEW=SLOW NONE=TRUE successfully
Executing : def_port {mat3_anode[6]} LOC=53 VCCIO=3.3 IOSTANDARD=LVCMOS33 DRIVE=4 SLEW=SLOW NONE=TRUE
C: ConstraintEditor-2002: [D:/fpga/pango/test_12G/device_map/TOP.pcf(line number: 41)] | Port mat3_anode[6] has been placed at location 53, whose type is share pin.
Executing : def_port {mat3_anode[6]} LOC=53 VCCIO=3.3 IOSTANDARD=LVCMOS33 DRIVE=4 SLEW=SLOW NONE=TRUE successfully
Executing : def_port {mat3_anode[7]} LOC=54 VCCIO=3.3 IOSTANDARD=LVCMOS33 DRIVE=4 SLEW=SLOW NONE=TRUE
C: ConstraintEditor-2002: [D:/fpga/pango/test_12G/device_map/TOP.pcf(line number: 42)] | Port mat3_anode[7] has been placed at location 54, whose type is share pin.
Executing : def_port {mat3_anode[7]} LOC=54 VCCIO=3.3 IOSTANDARD=LVCMOS33 DRIVE=4 SLEW=SLOW NONE=TRUE successfully
Executing : def_port {mat3_cath[0]} LOC=58 VCCIO=3.3 IOSTANDARD=LVCMOS33 DRIVE=4 SLEW=SLOW NONE=TRUE
Executing : def_port {mat3_cath[0]} LOC=58 VCCIO=3.3 IOSTANDARD=LVCMOS33 DRIVE=4 SLEW=SLOW NONE=TRUE successfully
Executing : def_port {mat3_cath[1]} LOC=59 VCCIO=3.3 IOSTANDARD=LVCMOS33 DRIVE=4 SLEW=SLOW NONE=TRUE
Executing : def_port {mat3_cath[1]} LOC=59 VCCIO=3.3 IOSTANDARD=LVCMOS33 DRIVE=4 SLEW=SLOW NONE=TRUE successfully
Executing : def_port {mat3_cath[2]} LOC=60 VCCIO=3.3 IOSTANDARD=LVCMOS33 DRIVE=4 SLEW=SLOW NONE=TRUE
Executing : def_port {mat3_cath[2]} LOC=60 VCCIO=3.3 IOSTANDARD=LVCMOS33 DRIVE=4 SLEW=SLOW NONE=TRUE successfully
Executing : def_port {mat3_cath[3]} LOC=61 VCCIO=3.3 IOSTANDARD=LVCMOS33 DRIVE=4 SLEW=SLOW NONE=TRUE
Executing : def_port {mat3_cath[3]} LOC=61 VCCIO=3.3 IOSTANDARD=LVCMOS33 DRIVE=4 SLEW=SLOW NONE=TRUE successfully
Executing : def_port {mat3_cath[4]} LOC=69 VCCIO=3.3 IOSTANDARD=LVCMOS33 DRIVE=4 SLEW=SLOW NONE=TRUE
Executing : def_port {mat3_cath[4]} LOC=69 VCCIO=3.3 IOSTANDARD=LVCMOS33 DRIVE=4 SLEW=SLOW NONE=TRUE successfully
Executing : def_port {mat3_cath[5]} LOC=70 VCCIO=3.3 IOSTANDARD=LVCMOS33 DRIVE=4 SLEW=SLOW NONE=TRUE
Executing : def_port {mat3_cath[5]} LOC=70 VCCIO=3.3 IOSTANDARD=LVCMOS33 DRIVE=4 SLEW=SLOW NONE=TRUE successfully
Executing : def_port {mat3_cath[6]} LOC=71 VCCIO=3.3 IOSTANDARD=LVCMOS33 DRIVE=4 SLEW=SLOW NONE=TRUE
Executing : def_port {mat3_cath[6]} LOC=71 VCCIO=3.3 IOSTANDARD=LVCMOS33 DRIVE=4 SLEW=SLOW NONE=TRUE successfully
Executing : def_port {mat3_cath[7]} LOC=72 VCCIO=3.3 IOSTANDARD=LVCMOS33 DRIVE=4 SLEW=SLOW NONE=TRUE
Executing : def_port {mat3_cath[7]} LOC=72 VCCIO=3.3 IOSTANDARD=LVCMOS33 DRIVE=4 SLEW=SLOW NONE=TRUE successfully
Executing : def_port {mat4_anode[0]} LOC=84 VCCIO=3.3 IOSTANDARD=LVCMOS33 DRIVE=4 SLEW=SLOW NONE=TRUE
Executing : def_port {mat4_anode[0]} LOC=84 VCCIO=3.3 IOSTANDARD=LVCMOS33 DRIVE=4 SLEW=SLOW NONE=TRUE successfully
Executing : def_port {mat4_anode[1]} LOC=85 VCCIO=3.3 IOSTANDARD=LVCMOS33 DRIVE=4 SLEW=SLOW NONE=TRUE
Executing : def_port {mat4_anode[1]} LOC=85 VCCIO=3.3 IOSTANDARD=LVCMOS33 DRIVE=4 SLEW=SLOW NONE=TRUE successfully
Executing : def_port {mat4_anode[2]} LOC=86 VCCIO=3.3 IOSTANDARD=LVCMOS33 DRIVE=4 SLEW=SLOW NONE=TRUE
Executing : def_port {mat4_anode[2]} LOC=86 VCCIO=3.3 IOSTANDARD=LVCMOS33 DRIVE=4 SLEW=SLOW NONE=TRUE successfully
Executing : def_port {mat4_anode[3]} LOC=87 VCCIO=3.3 IOSTANDARD=LVCMOS33 DRIVE=4 SLEW=SLOW NONE=TRUE
Executing : def_port {mat4_anode[3]} LOC=87 VCCIO=3.3 IOSTANDARD=LVCMOS33 DRIVE=4 SLEW=SLOW NONE=TRUE successfully
Executing : def_port {mat4_anode[4]} LOC=88 VCCIO=3.3 IOSTANDARD=LVCMOS33 DRIVE=4 SLEW=SLOW NONE=TRUE
Executing : def_port {mat4_anode[4]} LOC=88 VCCIO=3.3 IOSTANDARD=LVCMOS33 DRIVE=4 SLEW=SLOW NONE=TRUE successfully
Executing : def_port {mat4_anode[5]} LOC=92 VCCIO=3.3 IOSTANDARD=LVCMOS33 DRIVE=4 SLEW=SLOW NONE=TRUE
Executing : def_port {mat4_anode[5]} LOC=92 VCCIO=3.3 IOSTANDARD=LVCMOS33 DRIVE=4 SLEW=SLOW NONE=TRUE successfully
Executing : def_port {mat4_anode[6]} LOC=93 VCCIO=3.3 IOSTANDARD=LVCMOS33 DRIVE=4 SLEW=SLOW NONE=TRUE
Executing : def_port {mat4_anode[6]} LOC=93 VCCIO=3.3 IOSTANDARD=LVCMOS33 DRIVE=4 SLEW=SLOW NONE=TRUE successfully
Executing : def_port {mat4_anode[7]} LOC=94 VCCIO=3.3 IOSTANDARD=LVCMOS33 DRIVE=4 SLEW=SLOW NONE=TRUE
Executing : def_port {mat4_anode[7]} LOC=94 VCCIO=3.3 IOSTANDARD=LVCMOS33 DRIVE=4 SLEW=SLOW NONE=TRUE successfully
Executing : def_port {mat4_cath[0]} LOC=73 VCCIO=3.3 IOSTANDARD=LVCMOS33 DRIVE=4 SLEW=SLOW NONE=TRUE
Executing : def_port {mat4_cath[0]} LOC=73 VCCIO=3.3 IOSTANDARD=LVCMOS33 DRIVE=4 SLEW=SLOW NONE=TRUE successfully
Executing : def_port {mat4_cath[1]} LOC=74 VCCIO=3.3 IOSTANDARD=LVCMOS33 DRIVE=4 SLEW=SLOW NONE=TRUE
Executing : def_port {mat4_cath[1]} LOC=74 VCCIO=3.3 IOSTANDARD=LVCMOS33 DRIVE=4 SLEW=SLOW NONE=TRUE successfully
Executing : def_port {mat4_cath[2]} LOC=75 VCCIO=3.3 IOSTANDARD=LVCMOS33 DRIVE=4 SLEW=SLOW NONE=TRUE
Executing : def_port {mat4_cath[2]} LOC=75 VCCIO=3.3 IOSTANDARD=LVCMOS33 DRIVE=4 SLEW=SLOW NONE=TRUE successfully
Executing : def_port {mat4_cath[3]} LOC=76 VCCIO=3.3 IOSTANDARD=LVCMOS33 DRIVE=4 SLEW=SLOW NONE=TRUE
Executing : def_port {mat4_cath[3]} LOC=76 VCCIO=3.3 IOSTANDARD=LVCMOS33 DRIVE=4 SLEW=SLOW NONE=TRUE successfully
Executing : def_port {mat4_cath[4]} LOC=77 VCCIO=3.3 IOSTANDARD=LVCMOS33 DRIVE=4 SLEW=SLOW NONE=TRUE
Executing : def_port {mat4_cath[4]} LOC=77 VCCIO=3.3 IOSTANDARD=LVCMOS33 DRIVE=4 SLEW=SLOW NONE=TRUE successfully
Executing : def_port {mat4_cath[5]} LOC=79 VCCIO=3.3 IOSTANDARD=LVCMOS33 DRIVE=4 SLEW=SLOW NONE=TRUE
Executing : def_port {mat4_cath[5]} LOC=79 VCCIO=3.3 IOSTANDARD=LVCMOS33 DRIVE=4 SLEW=SLOW NONE=TRUE successfully
Executing : def_port {mat4_cath[6]} LOC=80 VCCIO=3.3 IOSTANDARD=LVCMOS33 DRIVE=4 SLEW=SLOW NONE=TRUE
Executing : def_port {mat4_cath[6]} LOC=80 VCCIO=3.3 IOSTANDARD=LVCMOS33 DRIVE=4 SLEW=SLOW NONE=TRUE successfully
Executing : def_port {mat4_cath[7]} LOC=81 VCCIO=3.3 IOSTANDARD=LVCMOS33 DRIVE=4 SLEW=SLOW NONE=TRUE
Executing : def_port {mat4_cath[7]} LOC=81 VCCIO=3.3 IOSTANDARD=LVCMOS33 DRIVE=4 SLEW=SLOW NONE=TRUE successfully
Executing : def_port {clk} LOC=44 VCCIO=3.3 IOSTANDARD=LVCMOS12 NONE=TRUE
Executing : def_port {clk} LOC=44 VCCIO=3.3 IOSTANDARD=LVCMOS12 NONE=TRUE successfully
Executing : def_port {key[0]} LOC=99 VCCIO=3.3 IOSTANDARD=LVCMOS12 NONE=TRUE
Executing : def_port {key[0]} LOC=99 VCCIO=3.3 IOSTANDARD=LVCMOS12 NONE=TRUE successfully
Executing : def_port {key[1]} LOC=97 VCCIO=3.3 IOSTANDARD=LVCMOS12 NONE=TRUE
Executing : def_port {key[1]} LOC=97 VCCIO=3.3 IOSTANDARD=LVCMOS12 NONE=TRUE successfully
Executing : def_port {key[2]} LOC=96 VCCIO=3.3 IOSTANDARD=LVCMOS12 NONE=TRUE
Executing : def_port {key[2]} LOC=96 VCCIO=3.3 IOSTANDARD=LVCMOS12 NONE=TRUE successfully
Executing : def_port {key[3]} LOC=95 VCCIO=3.3 IOSTANDARD=LVCMOS12 NONE=TRUE
Executing : def_port {key[3]} LOC=95 VCCIO=3.3 IOSTANDARD=LVCMOS12 NONE=TRUE successfully
W: ConstraintEditor-4019: Port 'rst_n' unspecified I/O constraint.
Constraint check end.
I: Column Clock Check open.
Read Column Clock Map.

Placement started.
Phase 1 Pre global placement started.
Mapping instance u_clk_0/u_pll_e3/goppll to PLL_74_175.
Phase 1.1 1st GP placement started.
Design Utilization : 12%.
First map gop timing takes 0.05 sec
Worst slack after clock region global placement is 3049
Wirelength after clock region global placement is 9523 and checksum is E1D0F71AE1092AD1.
1st GP placement takes 1.03 sec.

Phase 1.2 Clock placement started.
Mapping instance clkbufg_0/gopclkbufg to USCM_66_104.
Clock placement takes 0.03 sec.

Wirelength after Pre Global Placement is 9523 and checksum is E1D0F71AE1092AD1.
Pre global placement takes 1.11 sec.

Phase 2 Global placement started.
Phase 2.1 Fixed placement started.
Placed fixed group with base inst clk_ibuf/opit_1 on IOL_7_174.
Placed fixed group with base inst key_ibuf[0]/opit_1 on IOL_127_9.
Placed fixed group with base inst key_ibuf[1]/opit_1 on IOL_127_49.
Placed fixed group with base inst key_ibuf[2]/opit_1 on IOL_127_5.
Placed fixed group with base inst key_ibuf[3]/opit_1 on IOL_127_6.
Placed fixed group with base inst mat1_anode_obuf[0]/opit_1 on IOL_127_166.
Placed fixed group with base inst mat1_anode_obuf[1]/opit_1 on IOL_127_169.
Placed fixed group with base inst mat1_anode_obuf[2]/opit_1 on IOL_127_165.
Placed fixed group with base inst mat1_anode_obuf[3]/opit_1 on IOL_127_162.
Placed fixed group with base inst mat1_anode_obuf[4]/opit_1 on IOL_127_161.
Placed fixed group with base inst mat1_anode_obuf[5]/opit_1 on IOL_127_158.
Placed fixed group with base inst mat1_anode_obuf[6]/opit_1 on IOL_127_157.
Placed fixed group with base inst mat1_anode_obuf[7]/opit_1 on IOL_127_146.
Placed fixed group with base inst mat1_cath_obuf[0]/opit_1 on IOL_127_170.
Placed fixed group with base inst mat1_cath_obuf[1]/opit_1 on IOL_127_173.
Placed fixed group with base inst mat1_cath_obuf[2]/opit_1 on IOL_127_174.
Placed fixed group with base inst mat1_cath_obuf[3]/opit_1 on IOL_127_197.
Placed fixed group with base inst mat1_cath_obuf[4]/opit_1 on IOL_127_198.
Placed fixed group with base inst mat1_cath_obuf[5]/opit_1 on IOL_127_201.
Placed fixed group with base inst mat1_cath_obuf[6]/opit_1 on IOL_127_202.
Placed fixed group with base inst mat1_cath_obuf[7]/opit_1 on IOL_127_209.
Placed fixed group with base inst mat2_anode_obuf[0]/opit_1 on IOL_127_110.
Placed fixed group with base inst mat2_anode_obuf[1]/opit_1 on IOL_127_109.
Placed fixed group with base inst mat2_anode_obuf[2]/opit_1 on IOL_127_102.
Placed fixed group with base inst mat2_anode_obuf[3]/opit_1 on IOL_127_101.
Placed fixed group with base inst mat2_anode_obuf[4]/opit_1 on IOL_127_46.
Placed fixed group with base inst mat2_anode_obuf[5]/opit_1 on IOL_127_45.
Placed fixed group with base inst mat2_anode_obuf[6]/opit_1 on IOL_127_38.
Placed fixed group with base inst mat2_anode_obuf[7]/opit_1 on IOL_127_41.
Placed fixed group with base inst mat2_cath_obuf[0]/opit_1 on IOL_127_10.
Placed fixed group with base inst mat2_cath_obuf[1]/opit_1 on IOL_127_17.
Placed fixed group with base inst mat2_cath_obuf[2]/opit_1 on IOL_127_18.
Placed fixed group with base inst mat2_cath_obuf[3]/opit_1 on IOL_127_33.
Placed fixed group with base inst mat2_cath_obuf[4]/opit_1 on IOL_127_13.
Placed fixed group with base inst mat2_cath_obuf[5]/opit_1 on IOL_127_14.
Placed fixed group with base inst mat2_cath_obuf[6]/opit_1 on IOL_127_21.
Placed fixed group with base inst mat2_cath_obuf[7]/opit_1 on IOL_127_22.
Placed fixed group with base inst mat3_anode_obuf[0]/opit_1 on IOL_7_205.
Placed fixed group with base inst mat3_anode_obuf[1]/opit_1 on IOL_7_209.
Placed fixed group with base inst mat3_anode_obuf[2]/opit_1 on IOL_7_202.
Placed fixed group with base inst mat3_anode_obuf[3]/opit_1 on IOL_7_170.
Placed fixed group with base inst mat3_anode_obuf[4]/opit_1 on IOL_7_169.
Placed fixed group with base inst mat3_anode_obuf[5]/opit_1 on IOL_7_158.
Placed fixed group with base inst mat3_anode_obuf[6]/opit_1 on IOL_7_157.
Placed fixed group with base inst mat3_anode_obuf[7]/opit_1 on IOL_7_146.
Placed fixed group with base inst mat3_cath_obuf[0]/opit_1 on IOL_7_110.
Placed fixed group with base inst mat3_cath_obuf[1]/opit_1 on IOL_7_109.
Placed fixed group with base inst mat3_cath_obuf[2]/opit_1 on IOL_7_102.
Placed fixed group with base inst mat3_cath_obuf[3]/opit_1 on IOL_7_101.
Placed fixed group with base inst mat3_cath_obuf[4]/opit_1 on IOL_7_46.
Placed fixed group with base inst mat3_cath_obuf[5]/opit_1 on IOL_7_49.
Placed fixed group with base inst mat3_cath_obuf[6]/opit_1 on IOL_7_45.
Placed fixed group with base inst mat3_cath_obuf[7]/opit_1 on IOL_7_38.
Placed fixed group with base inst mat4_anode_obuf[0]/opit_1 on IOL_7_5.
Placed fixed group with base inst mat4_anode_obuf[1]/opit_1 on IOL_7_6.
Placed fixed group with base inst mat4_anode_obuf[2]/opit_1 on IOL_7_50.
Placed fixed group with base inst mat4_anode_obuf[3]/opit_1 on IOL_7_73.
Placed fixed group with base inst mat4_anode_obuf[4]/opit_1 on IOL_7_74.
Placed fixed group with base inst mat4_anode_obuf[5]/opit_1 on IOL_127_74.
Placed fixed group with base inst mat4_anode_obuf[6]/opit_1 on IOL_127_73.
Placed fixed group with base inst mat4_anode_obuf[7]/opit_1 on IOL_127_50.
Placed fixed group with base inst mat4_cath_obuf[0]/opit_1 on IOL_7_41.
Placed fixed group with base inst mat4_cath_obuf[1]/opit_1 on IOL_7_22.
Placed fixed group with base inst mat4_cath_obuf[2]/opit_1 on IOL_7_21.
Placed fixed group with base inst mat4_cath_obuf[3]/opit_1 on IOL_7_14.
Placed fixed group with base inst mat4_cath_obuf[4]/opit_1 on IOL_7_13.
Placed fixed group with base inst mat4_cath_obuf[5]/opit_1 on IOL_7_17.
Placed fixed group with base inst mat4_cath_obuf[6]/opit_1 on IOL_7_10.
Placed fixed group with base inst mat4_cath_obuf[7]/opit_1 on IOL_7_9.
Placed fixed instance clkbufg_0/gopclkbufg on USCM_66_104.
Placed fixed instance u_clk_0/u_pll_e3/goppll on PLL_74_175.
Placed fixed instance BKCL_auto_0 on BKCL_2_144.
Placed fixed instance BKCL_auto_1 on BKCL_2_20.
Placed fixed instance BKCL_auto_2 on BKCL_130_144.
Placed fixed instance BKCL_auto_3 on BKCL_130_20.
Fixed placement takes 0.03 sec.

Phase 2.2 Process placement started.
Process placement takes 0.00 sec.

Phase 2.3 IO placement started.
IO placement takes 0.02 sec.

Phase 2.4 2nd GP placement started.
Run super clustering :
	Initial slack -2722.
	11 iterations finished.
	Final slack 1982.
Super clustering done.
Design Utilization : 12%.
Worst slack after global placement is 3861
2nd GP placement takes 0.48 sec.

Wirelength after global placement is 9403 and checksum is 4F8611A1ED233672.
Global placement takes 0.53 sec.

Phase 3 Post global placement started.
Phase 3.1 Macro cell placement started.
I: Process macros using "Greedy".
Wirelength after macro cell placement is 9403 and checksum is 4F8611A1ED233672.
Macro cell placement takes 0.00 sec.

Phase 3.2 3rd GP placement started.
Run super clustering :
	Initial slack -2722.
	11 iterations finished.
	Final slack 1982.
Super clustering done.
Design Utilization : 12%.
Worst slack after post global placement is 3861
3rd GP placement takes 0.45 sec.

Wirelength after post global placement is 9403 and checksum is 4F8611A1ED233672.
Post global placement takes 0.45 sec.

Phase 4 Legalization started.
The average distance in LP is 0.218613.
Wirelength after legalization is 10027 and checksum is 97EA3D440EBC224C.
Legalization takes 0.05 sec.

Phase 5 Timing-driven detailed placement started.
Phase 5.1 Replication placement started.
Worst slack before Replication Place is 2502.
Replication placement takes 0.05 sec.

Wirelength after replication placement is 10027 and checksum is 97EA3D440EBC224C.
Phase 5.2 DP placement started.
Legalized cost 2502.000000.
The detailed placement ends at 0th iteration.
DP placement takes 0.00 sec.

Wirelength after detailed placement is 10027 and checksum is 97EA3D440EBC224C.
Timing-driven detailed placement takes 0.05 sec.

Worst slack is 2502, TNS after placement is 0.
Placement done.
Total placement takes 2.47 sec.
Finished placement.

Routing started.
Building routing graph takes 0.23 sec.
Worst slack is 2502, TNS before global route is 0.
Processing design graph takes 0.06 sec.
Total memory for routing:
	35.362000 M.
Total nets for routing : 1318.
Rcf routing step 1 processed 0 nets, it takes 0.00 sec.
Rcf routing step 2 processed 0 nets, it takes 0.00 sec.
Rcf routing step 3 processed 0 nets, it takes 0.00 sec.
Unrouted nets 0 at the end of iteration 0.
Global Routing step 1 processed 142 nets, it takes 0.00 sec.
Unrouted nets 77 at the end of iteration 0.
Unrouted nets 45 at the end of iteration 1.
Unrouted nets 41 at the end of iteration 2.
Unrouted nets 33 at the end of iteration 3.
Unrouted nets 24 at the end of iteration 4.
Unrouted nets 22 at the end of iteration 5.
Unrouted nets 18 at the end of iteration 6.
Unrouted nets 11 at the end of iteration 7.
Unrouted nets 8 at the end of iteration 8.
Unrouted nets 4 at the end of iteration 9.
Unrouted nets 6 at the end of iteration 10.
Unrouted nets 5 at the end of iteration 11.
Unrouted nets 2 at the end of iteration 12.
Unrouted nets 2 at the end of iteration 13.
Unrouted nets 2 at the end of iteration 14.
Unrouted nets 2 at the end of iteration 15.
Unrouted nets 2 at the end of iteration 16.
Unrouted nets 2 at the end of iteration 17.
Unrouted nets 2 at the end of iteration 18.
Unrouted nets 3 at the end of iteration 19.
Unrouted nets 2 at the end of iteration 20.
Unrouted nets 2 at the end of iteration 21.
Unrouted nets 2 at the end of iteration 22.
Unrouted nets 2 at the end of iteration 23.
Unrouted nets 2 at the end of iteration 24.
Unrouted nets 3 at the end of iteration 25.
Unrouted nets 2 at the end of iteration 26.
Unrouted nets 2 at the end of iteration 27.
Unrouted nets 2 at the end of iteration 28.
Unrouted nets 2 at the end of iteration 29.
Unrouted nets 2 at the end of iteration 30.
Unrouted nets 2 at the end of iteration 31.
Unrouted nets 4 at the end of iteration 32.
Unrouted nets 3 at the end of iteration 33.
Unrouted nets 3 at the end of iteration 34.
Unrouted nets 2 at the end of iteration 35.
Unrouted nets 2 at the end of iteration 36.
Unrouted nets 2 at the end of iteration 37.
Unrouted nets 2 at the end of iteration 38.
Unrouted nets 2 at the end of iteration 39.
Unrouted nets 2 at the end of iteration 40.
Unrouted nets 2 at the end of iteration 41.
Unrouted nets 2 at the end of iteration 42.
Unrouted nets 2 at the end of iteration 43.
Unrouted nets 2 at the end of iteration 44.
Unrouted nets 2 at the end of iteration 45.
Unrouted nets 2 at the end of iteration 46.
Unrouted nets 4 at the end of iteration 47.
Unrouted nets 4 at the end of iteration 48.
Unrouted nets 2 at the end of iteration 49.
Unrouted nets 2 at the end of iteration 50.
Unrouted nets 2 at the end of iteration 51.
Unrouted nets 2 at the end of iteration 52.
Unrouted nets 1 at the end of iteration 53.
Unrouted nets 2 at the end of iteration 54.
Unrouted nets 1 at the end of iteration 55.
Unrouted nets 1 at the end of iteration 56.
Unrouted nets 1 at the end of iteration 57.
Unrouted nets 1 at the end of iteration 58.
Unrouted nets 1 at the end of iteration 59.
Unrouted nets 1 at the end of iteration 60.
Unrouted nets 1 at the end of iteration 61.
Unrouted nets 1 at the end of iteration 62.
Unrouted nets 1 at the end of iteration 63.
Unrouted nets 1 at the end of iteration 64.
Unrouted nets 1 at the end of iteration 65.
Unrouted nets 1 at the end of iteration 66.
Unrouted nets 1 at the end of iteration 67.
Unrouted nets 1 at the end of iteration 68.
Unrouted nets 1 at the end of iteration 69.
Unrouted nets 1 at the end of iteration 70.
Unrouted nets 1 at the end of iteration 71.
Unrouted nets 1 at the end of iteration 72.
Unrouted nets 1 at the end of iteration 73.
Unrouted nets 1 at the end of iteration 74.
Unrouted nets 1 at the end of iteration 75.
Unrouted nets 0 at the end of iteration 76.
Global Routing step 2 processed 246 nets, it takes 1.11 sec.
Unrouted nets 22 at the end of iteration 0.
Unrouted nets 10 at the end of iteration 1.
Unrouted nets 2 at the end of iteration 2.
Unrouted nets 0 at the end of iteration 3.
Global Routing step 3 processed 77 nets, it takes 0.08 sec.
Global routing takes 1.20 sec.
Total 1563 subnets.
    forward max bucket size 467 , backward 204.
        Unrouted nets 847 at the end of iteration 0.
    route iteration 0, CPU time elapsed 0.171875 sec.
    forward max bucket size 98 , backward 188.
        Unrouted nets 733 at the end of iteration 1.
    route iteration 1, CPU time elapsed 0.140625 sec.
    forward max bucket size 123 , backward 205.
        Unrouted nets 648 at the end of iteration 2.
    route iteration 2, CPU time elapsed 0.156250 sec.
    forward max bucket size 114 , backward 109.
        Unrouted nets 578 at the end of iteration 3.
    route iteration 3, CPU time elapsed 0.125000 sec.
    forward max bucket size 102 , backward 170.
        Unrouted nets 502 at the end of iteration 4.
    route iteration 4, CPU time elapsed 0.109375 sec.
    forward max bucket size 122 , backward 226.
        Unrouted nets 434 at the end of iteration 5.
    route iteration 5, CPU time elapsed 0.109375 sec.
    forward max bucket size 95 , backward 257.
        Unrouted nets 376 at the end of iteration 6.
    route iteration 6, CPU time elapsed 0.078125 sec.
    forward max bucket size 129 , backward 137.
        Unrouted nets 328 at the end of iteration 7.
    route iteration 7, CPU time elapsed 0.078125 sec.
    forward max bucket size 122 , backward 278.
        Unrouted nets 300 at the end of iteration 8.
    route iteration 8, CPU time elapsed 0.078125 sec.
    forward max bucket size 156 , backward 203.
        Unrouted nets 262 at the end of iteration 9.
    route iteration 9, CPU time elapsed 0.062500 sec.
    forward max bucket size 155 , backward 209.
        Unrouted nets 249 at the end of iteration 10.
    route iteration 10, CPU time elapsed 0.062500 sec.
    forward max bucket size 143 , backward 195.
        Unrouted nets 204 at the end of iteration 11.
    route iteration 11, CPU time elapsed 0.046875 sec.
    forward max bucket size 195 , backward 209.
        Unrouted nets 187 at the end of iteration 12.
    route iteration 12, CPU time elapsed 0.031250 sec.
    forward max bucket size 242 , backward 157.
        Unrouted nets 161 at the end of iteration 13.
    route iteration 13, CPU time elapsed 0.031250 sec.
    forward max bucket size 151 , backward 216.
        Unrouted nets 140 at the end of iteration 14.
    route iteration 14, CPU time elapsed 0.031250 sec.
    forward max bucket size 217 , backward 155.
        Unrouted nets 137 at the end of iteration 15.
    route iteration 15, CPU time elapsed 0.031250 sec.
    forward max bucket size 68 , backward 29.
        Unrouted nets 119 at the end of iteration 16.
    route iteration 16, CPU time elapsed 0.015625 sec.
    forward max bucket size 63 , backward 129.
        Unrouted nets 113 at the end of iteration 17.
    route iteration 17, CPU time elapsed 0.015625 sec.
    forward max bucket size 75 , backward 27.
        Unrouted nets 100 at the end of iteration 18.
    route iteration 18, CPU time elapsed 0.031250 sec.
    forward max bucket size 55 , backward 26.
        Unrouted nets 74 at the end of iteration 19.
    route iteration 19, CPU time elapsed 0.015625 sec.
    forward max bucket size 83 , backward 151.
        Unrouted nets 75 at the end of iteration 20.
    route iteration 20, CPU time elapsed 0.015625 sec.
    forward max bucket size 75 , backward 192.
        Unrouted nets 77 at the end of iteration 21.
    route iteration 21, CPU time elapsed 0.015625 sec.
    forward max bucket size 181 , backward 94.
        Unrouted nets 51 at the end of iteration 22.
    route iteration 22, CPU time elapsed 0.000000 sec.
    forward max bucket size 69 , backward 96.
        Unrouted nets 33 at the end of iteration 23.
    route iteration 23, CPU time elapsed 0.015625 sec.
    forward max bucket size 56 , backward 37.
        Unrouted nets 30 at the end of iteration 24.
    route iteration 24, CPU time elapsed 0.000000 sec.
    forward max bucket size 60 , backward 50.
        Unrouted nets 36 at the end of iteration 25.
    route iteration 25, CPU time elapsed 0.015625 sec.
    forward max bucket size 50 , backward 28.
        Unrouted nets 23 at the end of iteration 26.
    route iteration 26, CPU time elapsed 0.000000 sec.
    forward max bucket size 50 , backward 33.
        Unrouted nets 14 at the end of iteration 27.
    route iteration 27, CPU time elapsed 0.015625 sec.
    forward max bucket size 50 , backward 22.
        Unrouted nets 6 at the end of iteration 28.
    route iteration 28, CPU time elapsed 0.000000 sec.
    forward max bucket size 50 , backward 27.
        Unrouted nets 5 at the end of iteration 29.
    route iteration 29, CPU time elapsed 0.000000 sec.
    forward max bucket size 13 , backward 9.
        Unrouted nets 3 at the end of iteration 30.
    route iteration 30, CPU time elapsed 0.015625 sec.
    forward max bucket size 15 , backward 13.
        Unrouted nets 2 at the end of iteration 31.
    route iteration 31, CPU time elapsed 0.000000 sec.
    forward max bucket size 48 , backward 12.
        Unrouted nets 3 at the end of iteration 32.
    route iteration 32, CPU time elapsed 0.000000 sec.
    forward max bucket size 55 , backward 17.
        Unrouted nets 4 at the end of iteration 33.
    route iteration 33, CPU time elapsed 0.000000 sec.
    forward max bucket size 44 , backward 9.
        Unrouted nets 0 at the end of iteration 34.
    route iteration 34, CPU time elapsed 0.000000 sec.
Detailed routing takes 34 iterations
Detailed routing takes 1.53 sec.
Start fix hold violation.
Build tmp routing results takes 0.02 sec.
Timing analysis takes 0.02 sec.
No hold violation.
Hold Violation Fix in router takes 0 iterations.
Fix hold violation Finished.
Hold Violation Fix in router takes 0.11 sec.

Dispose routing result:
    Collect routing result.
    Delete unused device instances.
    Annotate routing result.
    Change LUT configuration.
    Dispose misc instances.
    Annotate routing result again.
Finish routing takes 0.06 sec.
Used SRB routing arc is 19431.
Cleanup routing takes 0.00 sec.
Routing done.
Total routing takes 3.31 sec.


Device Utilization Summary :
+---------------------------------------------------------------------------+
| Logic Utilization        | Used     | Available     | Utilization(%)     
+---------------------------------------------------------------------------+
| Use of ADC               | 0        | 1             | 0                  
| Use of APM               | 0        | 20            | 0                  
| Use of BKCL              | 4        | 4             | 100                
| Use of CLMA              | 262      | 1940          | 14                 
|   FF                     | 303      | 11640         | 3                  
|   LUT                    | 862      | 7760          | 12                 
|   LUT-FF pairs           | 244      | 7760          | 4                  
| Use of CLMS              | 89       | 660           | 14                 
|   FF                     | 74       | 3960          | 2                  
|   LUT                    | 289      | 2640          | 11                 
|   LUT-FF pairs           | 49       | 2640          | 2                  
|   Distributed RAM        | 0        | 2640          | 0                  
| Use of CRYSTAL           | 0        | 4             | 0                  
| Use of DLL               | 0        | 4             | 0                  
| Use of DQSL              | 0        | 12            | 0                  
| Use of DRM               | 0        | 30            | 0                  
| Use of FLSIF             | 0        | 1             | 0                  
| Use of FUSECODE          | 0        | 1             | 0                  
| Use of HARD0N1           | 33       | 1665          | 2                  
| Use of IO                | 70       | 103           | 68                 
|   IOBD                   | 19       | 25            | 76                 
|   IOBR                   | 3        | 4             | 75                 
|   IOBS                   | 48       | 74            | 65                 
| Use of IOCKDIV           | 0        | 8             | 0                  
| Use of IOCKDLY           | 0        | 16            | 0                  
| Use of IOCKGATE          | 0        | 8             | 0                  
| Use of IOCKGMUX_TEST     | 0        | 8             | 0                  
| Use of IOL               | 70       | 160           | 44                 
| Use of IPAL              | 0        | 1             | 0                  
| Use of LDOCLK            | 0        | 1             | 0                  
| Use of MFG_TEST          | 0        | 1             | 0                  
| Use of OSC               | 0        | 1             | 0                  
| Use of PLL               | 1        | 4             | 25                 
| Use of PREGMUX_TEST      | 0        | 4             | 0                  
| Use of RCKB              | 0        | 16            | 0                  
|  RCKB dataused           | 0        | 16            | 0                  
| Use of RCKBMUX_TEST      | 0        | 8             | 0                  
| Use of RESCAL            | 0        | 4             | 0                  
| Use of SCANCHAIN         | 0        | 4             | 0                  
| Use of START             | 1        | 1             | 100                
| Use of UDID              | 0        | 1             | 0                  
| Use of USCM              | 1        | 20            | 5                  
|  USCM dataused           | 0        | 20            | 0                  
| Use of USCMMUX_TEST      | 0        | 20            | 0                  
| Use of VCKBMUX_TEST      | 0        | 8             | 0                  
+---------------------------------------------------------------------------+

Finished routing.
Design 'TOP' has been placed and routed successfully.
Saving design to DB.
Finished placement and routing.
Action pnr: Real time elapsed is 0h:0m:13s
Action pnr: CPU time elapsed is 0h:0m:11s
Action pnr: Process CPU time elapsed is 0h:0m:12s
Current time: Thu May 21 12:19:17 2026
Action pnr: Peak memory pool usage is 784 MB
