#Build: Fabric Compiler 2022.2-SP6.1, Build 138931, Nov 01 09:11 2023
#Install: E:\fpga\Pango\PDS_2022.2-SP6.1\bin
#Application name: pds_shell.exe
#OS: Windows 10 10.0.26200
#Hostname: LAPTOP-IP1UM3GN
Generated by Fabric Compiler (version 2022.2-SP6.1 build 138931) at Wed May 20 20:39:20 2026
Compiling verification operator library.
Compiling common defs.
Compiling prim grid devices.
Compiling gate devices.
Compiling gate operators.
Building architecture model.
Loading device packaging model.
Reading design from pnr DB.
Start Report Post-PnR timing.
Constructing timing graph ...
Timing graph has been constructed successfully
W: Timing-4087: Port 'mat1_anode[0]' is not constrained, it is treated as combinational output.
W: Timing-4087: Port 'mat1_anode[1]' is not constrained, it is treated as combinational output.
W: Timing-4087: Port 'mat1_anode[2]' is not constrained, it is treated as combinational output.
W: Timing-4087: Port 'mat1_anode[3]' is not constrained, it is treated as combinational output.
W: Timing-4087: Port 'mat1_anode[4]' is not constrained, it is treated as combinational output.
W: Timing-4087: Port 'mat1_anode[5]' is not constrained, it is treated as combinational output.
W: Timing-4087: Port 'mat1_anode[6]' is not constrained, it is treated as combinational output.
W: Timing-4087: Port 'mat1_anode[7]' is not constrained, it is treated as combinational output.
W: Timing-4087: Port 'mat1_cath[0]' is not constrained, it is treated as combinational output.
W: Timing-4087: Port 'mat1_cath[1]' is not constrained, it is treated as combinational output.
W: Timing-4087: Port 'mat1_cath[2]' is not constrained, it is treated as combinational output.
W: Timing-4087: Port 'mat1_cath[3]' is not constrained, it is treated as combinational output.
W: Timing-4087: Port 'mat1_cath[4]' is not constrained, it is treated as combinational output.
W: Timing-4087: Port 'mat1_cath[5]' is not constrained, it is treated as combinational output.
W: Timing-4087: Port 'mat1_cath[6]' is not constrained, it is treated as combinational output.
W: Timing-4087: Port 'mat1_cath[7]' is not constrained, it is treated as combinational output.
W: Timing-4087: Port 'mat2_anode[0]' is not constrained, it is treated as combinational output.
W: Timing-4087: Port 'mat2_anode[1]' is not constrained, it is treated as combinational output.
W: Timing-4087: Port 'mat2_anode[2]' is not constrained, it is treated as combinational output.
W: Timing-4087: Port 'mat2_anode[3]' is not constrained, it is treated as combinational output.
W: Timing-4087: Port 'mat2_anode[4]' is not constrained, it is treated as combinational output.
W: Timing-4087: Port 'mat2_anode[5]' is not constrained, it is treated as combinational output.
W: Timing-4087: Port 'mat2_anode[6]' is not constrained, it is treated as combinational output.
W: Timing-4087: Port 'mat2_anode[7]' is not constrained, it is treated as combinational output.
W: Timing-4087: Port 'mat2_cath[0]' is not constrained, it is treated as combinational output.
W: Timing-4087: Port 'mat2_cath[1]' is not constrained, it is treated as combinational output.
W: Timing-4087: Port 'mat2_cath[2]' is not constrained, it is treated as combinational output.
W: Timing-4087: Port 'mat2_cath[3]' is not constrained, it is treated as combinational output.
W: Timing-4087: Port 'mat2_cath[4]' is not constrained, it is treated as combinational output.
W: Timing-4087: Port 'mat2_cath[5]' is not constrained, it is treated as combinational output.
W: Timing-4087: Port 'mat2_cath[6]' is not constrained, it is treated as combinational output.
W: Timing-4087: Port 'mat2_cath[7]' is not constrained, it is treated as combinational output.
W: Timing-4087: Port 'mat3_anode[0]' is not constrained, it is treated as combinational output.
W: Timing-4087: Port 'mat3_anode[1]' is not constrained, it is treated as combinational output.
W: Timing-4087: Port 'mat3_anode[2]' is not constrained, it is treated as combinational output.
W: Timing-4087: Port 'mat3_anode[3]' is not constrained, it is treated as combinational output.
W: Timing-4087: Port 'mat3_anode[4]' is not constrained, it is treated as combinational output.
W: Timing-4087: Port 'mat3_anode[5]' is not constrained, it is treated as combinational output.
W: Timing-4087: Port 'mat3_anode[6]' is not constrained, it is treated as combinational output.
W: Timing-4087: Port 'mat3_anode[7]' is not constrained, it is treated as combinational output.
W: Timing-4087: Port 'mat3_cath[0]' is not constrained, it is treated as combinational output.
W: Timing-4087: Port 'mat3_cath[1]' is not constrained, it is treated as combinational output.
W: Timing-4087: Port 'mat3_cath[2]' is not constrained, it is treated as combinational output.
W: Timing-4087: Port 'mat3_cath[3]' is not constrained, it is treated as combinational output.
W: Timing-4087: Port 'mat3_cath[4]' is not constrained, it is treated as combinational output.
W: Timing-4087: Port 'mat3_cath[5]' is not constrained, it is treated as combinational output.
W: Timing-4087: Port 'mat3_cath[6]' is not constrained, it is treated as combinational output.
W: Timing-4087: Port 'mat3_cath[7]' is not constrained, it is treated as combinational output.
W: Timing-4087: Port 'mat4_anode[0]' is not constrained, it is treated as combinational output.
W: Timing-4087: Port 'mat4_anode[1]' is not constrained, it is treated as combinational output.
W: Timing-4087: Port 'mat4_anode[2]' is not constrained, it is treated as combinational output.
W: Timing-4087: Port 'mat4_anode[3]' is not constrained, it is treated as combinational output.
W: Timing-4087: Port 'mat4_anode[4]' is not constrained, it is treated as combinational output.
W: Timing-4087: Port 'mat4_anode[5]' is not constrained, it is treated as combinational output.
W: Timing-4087: Port 'mat4_anode[6]' is not constrained, it is treated as combinational output.
W: Timing-4087: Port 'mat4_anode[7]' is not constrained, it is treated as combinational output.
W: Timing-4087: Port 'mat4_cath[0]' is not constrained, it is treated as combinational output.
W: Timing-4087: Port 'mat4_cath[1]' is not constrained, it is treated as combinational output.
W: Timing-4087: Port 'mat4_cath[2]' is not constrained, it is treated as combinational output.
W: Timing-4087: Port 'mat4_cath[3]' is not constrained, it is treated as combinational output.
W: Timing-4087: Port 'mat4_cath[4]' is not constrained, it is treated as combinational output.
W: Timing-4087: Port 'mat4_cath[5]' is not constrained, it is treated as combinational output.
W: Timing-4087: Port 'mat4_cath[6]' is not constrained, it is treated as combinational output.
W: Timing-4087: Port 'mat4_cath[7]' is not constrained, it is treated as combinational output.
W: Timing-4086: Port 'key[0]' is not constrained, it is treated as combinational input.
W: Timing-4086: Port 'key[1]' is not constrained, it is treated as combinational input.
W: Timing-4086: Port 'key[2]' is not constrained, it is treated as combinational input.
W: Timing-4086: Port 'key[3]' is not constrained, it is treated as combinational input.
W: Timing-4086: Port 'rst_n' is not constrained, it is treated as combinational input.
Report timing is finished successfully.
Action report_timing: Real time elapsed is 0h:0m:5s
Action report_timing: CPU time elapsed is 0h:0m:3s
Action report_timing: Process CPU time elapsed is 0h:0m:3s
Current time: Wed May 20 20:39:24 2026
Action report_timing: Peak memory pool usage is 804 MB
