#Build: Fabric Compiler 2022.2-SP6.1, Build 138931, Nov 01 09:11 2023
#Install: E:\fpga\Pango\PDS_2022.2-SP6.1\bin
#Application name: pds.exe
#OS: Windows 10 10.0.26200
#Hostname: LAPTOP-IP1UM3GN
Generated by Fabric Compiler (version 2022.2-SP6.1 build 138931) at Mon May 18 18:31:26 2026
Parse module hierarchy of project 'D:/fpga/pango/test_12G/temp_projects/Main_Flow/Main_Flow.pds' (ADS Parser)
Process exit normally.
Process exit normally.
Process exit normally.
Process exit normally.
Process exit normally.
Process exit normally.
Process exit normally.
Process exit normally.
Process exit normally.
Process exit normally.
Process exit normally.
Process exit normally.
Process exit normally.
Process exit normally.
