#Build: Fabric Compiler 2022.2-SP6.1, Build 138931, Nov 01 09:11 2023
#Install: E:\fpga\Pango\PDS_2022.2-SP6.1\bin
#Application name: pds_shell.exe
#OS: Windows 10 10.0.26200
#Hostname: LAPTOP-IP1UM3GN
Generated by Fabric Compiler (version 2022.2-SP6.1 build 138931) at Thu May 21 15:54:58 2026
Compiling verification operator library.
Compiling common defs.
Loading technology operator library.
Compiling technology operator library.
Compiling technology operator (valence) library.
Compiling operator packing rules.
Compiling prim grid devices.
Compiling gate devices.
Compiling gate operators.
Compiling tech operator impls.
Building architecture model.
Loading device packaging model.
W: ConstraintEditor-4019: Port 'rst_n' unspecified I/O constraint.
Flattening design 'TOP'
Device mapping started.
Optimizing circuit logic.
Checking design netlist.
Processing tech operator.
I: The instance clkbufg_0(GTP_CLKBUFG) has been inserted on the net CLK_100M in design, driver pin CLKOUT0(instance u_clk_0/u_pll_e3) -> load pin CLK(instance u_ctrl/anim_mode[0]).
Converting tech operator to gate operator.
Processing gate operator.
I: Infer CARRY group, base inst: u_ctrl/N5.lt_0/gateop, insts:12.
I: Infer CARRY group, base inst: u_ctrl/N70_1_1/gateop, insts:5.
I: Infer CARRY group, base inst: u_ctrl/N98_1_1/gateop, insts:27.
I: Infer CARRY group, base inst: u_ctrl/N3267_1_1/gateop, insts:6.
I: Infer CARRY group, base inst: u_ctrl/N3669_1_1/gateop, insts:6.
I: Infer CARRY group, base inst: u_ctrl/N4071_1_1/gateop, insts:6.
I: Infer CARRY group, base inst: u_ctrl/N4473_1_1/gateop, insts:6.
I: Infer CARRY group, base inst: u_ctrl/N4985_1_1/gateop, insts:6.
I: Infer CARRY group, base inst: u_ctrl/N5387_1_1/gateop, insts:6.
I: Infer CARRY group, base inst: u_ctrl/N5789_1_1/gateop, insts:6.
I: Infer CARRY group, base inst: u_ctrl/N6191_1_1/gateop, insts:6.
I: Infer CARRY group, base inst: u_key/N9_1_1/gateop, insts:19.
I: Infer CARRY group, base inst: u_scan/N9_1_1/gateop, insts:15.
Device Utilization Summary:
+------------------------------------------------------------------------+
| Logic Utilization     | Used     | Available     | Utilization(%)     
+------------------------------------------------------------------------+
| APM                   | 0        | 20            | 0                  
| IOCKDLY               | 0        | 16            | 0                  
| FF                    | 378      | 15600         | 3                  
| LUT                   | 1119     | 10400         | 11                 
| Distributed RAM       | 0        | 2640          | 0                  
| DLL                   | 0        | 4             | 0                  
| DQSL                  | 0        | 12            | 0                  
| DRM                   | 0        | 30            | 0                  
| FUSECODE              | 0        | 1             | 0                  
| IO                    | 70       | 103           | 68                 
| IOCKDIV               | 0        | 8             | 0                  
| IOCKGATE              | 0        | 8             | 0                  
| IPAL                  | 0        | 1             | 0                  
| PLL                   | 1        | 4             | 25                 
| RCKB                  | 0        | 16            | 0                  
| SCANCHAIN             | 0        | 4             | 0                  
| START                 | 0        | 1             | 0                  
| USCM                  | 1        | 20            | 5                  
| OSC                   | 0        | 1             | 0                  
| ADC                   | 0        | 1             | 0                  
| CRYSTAL               | 0        | 4             | 0                  
| FLSIF                 | 0        | 1             | 0                  
| RESCAL                | 0        | 4             | 0                  
| UDID                  | 0        | 1             | 0                  
+------------------------------------------------------------------------+

Device mapping done.
Total device mapping takes 0.08 sec.

Design 'TOP' has been successfully mapped to architecture-specific objects.
Saving design to DB.
W: Public-4010: Pcf file D:/fpga/pango/test_12G/device_map/TOP.pcf has been covered.
Action dev_map: Real time elapsed is 0h:0m:3s
Action dev_map: CPU time elapsed is 0h:0m:2s
Action dev_map: Process CPU time elapsed is 0h:0m:2s
Current time: Thu May 21 15:55:00 2026
Action dev_map: Peak memory pool usage is 210 MB
