#Build: Fabric Compiler 2022.2-SP6.1, Build 138931, Nov 01 09:11 2023
#Install: E:\fpga\Pango\PDS_2022.2-SP6.1\bin
#Application name: pds_shell.exe
#OS: Windows 10 10.0.26200
#Hostname: LAPTOP-IP1UM3GN
Generated by Fabric Compiler (version 2022.2-SP6.1 build 138931) at Thu May 21 17:05:58 2026
Compiling verification operator library.
Compiling common defs.
Compiling prim grid devices.
Compiling gate devices.
Compiling gate operators.
Building architecture model.
Loading device packaging model.
Reading design from DB.
Start Generating Programming File...
Reading design from DB takes 0.156250 sec.
Generating architecture configuration.
The bitstream file is "D:/fpga/pango/test_12G/generate_bitstream/TOP.sbit"
Generate programming file takes 1.984375 sec.
Generating Programming File done.
Action gen_bit_stream: Real time elapsed is 0h:0m:5s
Action gen_bit_stream: CPU time elapsed is 0h:0m:4s
Action gen_bit_stream: Process CPU time elapsed is 0h:0m:4s
Current time: Thu May 21 17:06:02 2026
Action gen_bit_stream: Peak memory pool usage is 289 MB
