#Build: Fabric Configuration 2022.2-SP6.1, Build 138931, Nov 01 09:11 2023
#Install: E:\fpga\Pango\PDS_2022.2-SP6.1\bin
#Application name: cdt_cfg.exe
#OS: Windows 10 10.0.26200
#Hostname: LAPTOP-IP1UM3GN
Generated by Fabric Configuration (version 2022.2-SP6.1 build 138931) at Thu May 21 19:27:59 2026
M_PROCESS_FINISH_STARTED

Connecting to server[127.0.0.1 : 65420].
Connect to server[127.0.0.1 : 65420] successfully.
COMMAND[check version information] execute successfully, takes 0.4 secs.
The cable List : 
Cable index 0:USB Cable S/ffffffffffffff9b 

COMMAND[get_cable_paras] execute successfully, takes 1.2 secs.
USB Cable S cable driver: D2XX DLL
PGL12G
This device configure situation (done bit): 0
COMMAND[Open config cable] execute successfully, takes 3.0 secs.
The Start Address of bit file D:/fpga/pango/test_12G/generate_bitstream/TOP.sbit: 0x0
COMMAND[Scan Outer SPI Flash] execute successfully, takes 1.9 secs.
The start address of operating flash is 0x0.
COMMAND[Erase Outer Flash] execute finish, takes 4.1 secs.
The start address of operating flash is 0x0.
COMMAND[Program Outer Flash] execute finish, takes 14.8 secs.
The start address of operating flash is 0x0.
COMMAND[Verify Outer Flash] execute successfully, takes 0.9 secs.
