#Build: Fabric Inserter 2022.2-SP6.1, Build 138931, Nov 01 09:11 2023
#Install: E:\fpga\Pango\PDS_2022.2-SP6.1\bin
#Application name: cdt_ins.exe
#OS: Windows 10 10.0.26200
#Hostname: LAPTOP-IP1UM3GN
Generated by Fabric Inserter (version 2022.2-SP6.1 build 138931) at Thu May 21 09:32:41 2026
*************************************************************************
*
*  Parsing design. Please be patient as this can take several minutes.
*
*************************************************************************
Compiling architecture definition.
Loading technology operator library.
Compiling technology operator library.
Compiling technology operator (valence) library.
W: Adm-4001: Attribute 'syn_encoding' is not supported. It is ignored.
W: Adm-4001: Attribute 'syn_encoding' is not supported. It is ignored.
W: Adm-4001: Attribute 'syn_encoding' is not supported. It is ignored.
Compiling file 'D:/fpga/pango/test_12G/synthesize/TOP_syn.adf' successful.
Creating module hierarchy.
Collecting net information.
*************************************************************************
*
*  Design Parsing Done.
*
*************************************************************************
M_PROCESS_FINISH_STARTED

