#Build:  2022.2-SP6.1, Build 138931, Nov 01 09:11 2023
#Install: E:\fpga\Pango\PDS_2022.2-SP6.1\bin
#Application name: pne.exe
#OS: Windows 10 10.0.26200
#Hostname: LAPTOP-IP1UM3GN
Generated by  (version 2022.2-SP6.1 build 138931) at Fri May  8 21:31:29 2026
Compiling architecture definition.
W: Adm-4001: Attribute 'PAP_ARC_LOAD_ON_DEMAND' is not supported. It is ignored.
W: Adm-4001: Attribute 'PAP_ARC_LOAD_ON_DEMAND' is not supported. It is ignored.
W: Adm-4001: Attribute 'PAP_ARC_LOAD_ON_DEMAND' is not supported. It is ignored.
W: Adm-4001: Attribute 'PAP_ARC_LOAD_ON_DEMAND' is not supported. It is ignored.
W: Adm-4001: Attribute 'PAP_ARC_LOAD_ON_DEMAND' is not supported. It is ignored.
W: Adm-4001: Attribute 'PAP_ARC_LOAD_ON_DEMAND' is not supported. It is ignored.
W: Adm-4001: Attribute 'PAP_ARC_LOAD_ON_DEMAND' is not supported. It is ignored.
W: Adm-4001: Attribute 'PAP_ARC_LOAD_ON_DEMAND' is not supported. It is ignored.
W: Adm-4001: Attribute 'PAP_ARC_LOAD_ON_DEMAND' is not supported. It is ignored.
W: Adm-4001: Attribute 'PAP_ARC_LOAD_ON_DEMAND' is not supported. It is ignored.
W: Adm-4001: Attribute 'PAP_ARC_LOAD_ON_DEMAND' is not supported. It is ignored.
W: Adm-4001: Attribute 'PAP_ARC_LOAD_ON_DEMAND' is not supported. It is ignored.
W: Adm-4001: Attribute 'PAP_ARC_LOAD_ON_DEMAND' is not supported. It is ignored.
W: Adm-4001: Attribute 'PAP_ARC_LOAD_ON_DEMAND' is not supported. It is ignored.
W: Adm-4001: Attribute 'PAP_ARC_LOAD_ON_DEMAND' is not supported. It is ignored.
W: Adm-4001: Attribute 'PAP_ARC_LOAD_ON_DEMAND' is not supported. It is ignored.
W: Adm-4001: Attribute 'PAP_ARC_LOAD_ON_DEMAND' is not supported. It is ignored.
W: Adm-4001: Attribute 'PAP_ARC_LOAD_ON_DEMAND' is not supported. It is ignored.
W: Adm-4001: Attribute 'PAP_ARC_LOAD_ON_DEMAND' is not supported. It is ignored.
W: Adm-4001: Attribute 'PAP_ARC_LOAD_ON_DEMAND' is not supported. It is ignored.
W: Adm-4001: Attribute 'PAP_ARC_LOAD_ON_DEMAND' is not supported. It is ignored.
W: Adm-4001: Attribute 'PAP_ARC_LOAD_ON_DEMAND' is not supported. It is ignored.
W: Adm-4001: Attribute 'PAP_ARC_LOAD_ON_DEMAND' is not supported. It is ignored.
W: Adm-4001: Attribute 'PAP_ARC_LOAD_ON_DEMAND' is not supported. It is ignored.
W: Adm-4001: Attribute 'PAP_ARC_LOAD_ON_DEMAND' is not supported. It is ignored.
W: Adm-4001: Attribute 'PAP_ARC_LOAD_ON_DEMAND' is not supported. It is ignored.
W: Adm-4001: Attribute 'PAP_ARC_LOAD_ON_DEMAND' is not supported. It is ignored.
W: Adm-4001: Attribute 'PAP_ARC_LOAD_ON_DEMAND' is not supported. It is ignored.
W: Adm-4001: Attribute 'PAP_ARC_LOAD_ON_DEMAND' is not supported. It is ignored.
W: Adm-4001: Attribute 'PAP_ARC_LOAD_ON_DEMAND' is not supported. It is ignored.
W: Adm-4001: Attribute 'PAP_ARC_LOAD_ON_DEMAND' is not supported. It is ignored.
W: Adm-4001: Attribute 'PAP_ARC_LOAD_ON_DEMAND' is not supported. It is ignored.
W: Adm-4001: Attribute 'PAP_ARC_LOAD_ON_DEMAND' is not supported. It is ignored.
W: Adm-4001: Attribute 'PAP_ARC_LOAD_ON_DEMAND' is not supported. It is ignored.
W: Adm-4001: Attribute 'PAP_ARC_LOAD_ON_DEMAND' is not supported. It is ignored.
W: Adm-4001: Attribute 'PAP_ARC_LOAD_ON_DEMAND' is not supported. It is ignored.
W: Adm-4001: Attribute 'PAP_ARC_LOAD_ON_DEMAND' is not supported. It is ignored.
W: Adm-4001: Attribute 'PAP_ARC_LOAD_ON_DEMAND' is not supported. It is ignored.
W: Adm-4001: Attribute 'PAP_ARC_LOAD_ON_DEMAND' is not supported. It is ignored.
W: Adm-4001: Attribute 'PAP_ARC_LOAD_ON_DEMAND' is not supported. It is ignored.
W: Adm-4001: Attribute 'PAP_ARC_LOAD_ON_DEMAND' is not supported. It is ignored.
W: Adm-4001: Attribute 'PAP_ARC_LOAD_ON_DEMAND' is not supported. It is ignored.
W: Adm-4001: Attribute 'PAP_ARC_LOAD_ON_DEMAND' is not supported. It is ignored.
W: Adm-4001: Attribute 'PAP_ARC_LOAD_ON_DEMAND' is not supported. It is ignored.
W: Adm-4001: Attribute 'PAP_ARC_LOAD_ON_DEMAND' is not supported. It is ignored.
W: Adm-4001: Attribute 'PAP_ARC_LOAD_ON_DEMAND' is not supported. It is ignored.
W: Adm-4001: Attribute 'PAP_ARC_LOAD_ON_DEMAND' is not supported. It is ignored.
W: Adm-4001: Attribute 'PAP_ARC_LOAD_ON_DEMAND' is not supported. It is ignored.
W: Adm-4001: Attribute 'PAP_ARC_LOAD_ON_DEMAND' is not supported. It is ignored.
W: Adm-4001: Attribute 'PAP_ARC_LOAD_ON_DEMAND' is not supported. It is ignored.
W: Adm-4001: Attribute 'PAP_ARC_LOAD_ON_DEMAND' is not supported. It is ignored.
W: Adm-4001: Attribute 'PAP_ARC_LOAD_ON_DEMAND' is not supported. It is ignored.
W: Adm-4001: Attribute 'PAP_ARC_LOAD_ON_DEMAND' is not supported. It is ignored.
W: Adm-4001: Attribute 'PAP_ARC_LOAD_ON_DEMAND' is not supported. It is ignored.
W: Adm-4001: Attribute 'PAP_ARC_LOAD_ON_DEMAND' is not supported. It is ignored.
W: Adm-4001: Attribute 'PAP_ARC_LOAD_ON_DEMAND' is not supported. It is ignored.
W: Adm-4001: Attribute 'PAP_ARC_LOAD_ON_DEMAND' is not supported. It is ignored.
W: Adm-4001: Attribute 'PAP_ARC_LOAD_ON_DEMAND' is not supported. It is ignored.
W: Adm-4001: Attribute 'PAP_ARC_LOAD_ON_DEMAND' is not supported. It is ignored.
W: Adm-4001: Attribute 'PAP_ARC_LOAD_ON_DEMAND' is not supported. It is ignored.
W: Adm-4001: Attribute 'PAP_ARC_LOAD_ON_DEMAND' is not supported. It is ignored.
W: Adm-4001: Attribute 'PAP_ARC_LOAD_ON_DEMAND' is not supported. It is ignored.
W: Adm-4001: Attribute 'PAP_ARC_LOAD_ON_DEMAND' is not supported. It is ignored.
W: Adm-4001: Attribute 'PAP_ARC_LOAD_ON_DEMAND' is not supported. It is ignored.
W: Adm-4001: Attribute 'PAP_ARC_LOAD_ON_DEMAND' is not supported. It is ignored.
W: Adm-4001: Attribute 'PAP_ARC_LOAD_ON_DEMAND' is not supported. It is ignored.
W: Adm-4001: Attribute 'PAP_ARC_LOAD_ON_DEMAND' is not supported. It is ignored.
W: Adm-4001: Attribute 'PAP_ARC_LOAD_ON_DEMAND' is not supported. It is ignored.
W: Adm-4001: Attribute 'PAP_ARC_LOAD_ON_DEMAND' is not supported. It is ignored.
W: Adm-4001: Attribute 'PAP_ARC_LOAD_ON_DEMAND' is not supported. It is ignored.
W: Adm-4001: Attribute 'PAP_ARC_LOAD_ON_DEMAND' is not supported. It is ignored.
W: Adm-4001: Attribute 'PAP_ARC_LOAD_ON_DEMAND' is not supported. It is ignored.
W: Adm-4001: Attribute 'PAP_ARC_LOAD_ON_DEMAND' is not supported. It is ignored.
W: Adm-4001: Attribute 'PAP_ARC_LOAD_ON_DEMAND' is not supported. It is ignored.
W: Adm-4001: Attribute 'PAP_ARC_LOAD_ON_DEMAND' is not supported. It is ignored.
W: Adm-4001: Attribute 'PAP_ARC_LOAD_ON_DEMAND' is not supported. It is ignored.
W: Adm-4001: Attribute 'PAP_ARC_LOAD_ON_DEMAND' is not supported. It is ignored.
W: Adm-4001: Attribute 'PAP_ARC_LOAD_ON_DEMAND' is not supported. It is ignored.
W: Adm-4001: Attribute 'PAP_ARC_LOAD_ON_DEMAND' is not supported. It is ignored.
W: Adm-4001: Attribute 'PAP_ARC_LOAD_ON_DEMAND' is not supported. It is ignored.
W: Adm-4001: Attribute 'PAP_ARC_LOAD_ON_DEMAND' is not supported. It is ignored.
W: Adm-4001: Attribute 'PAP_ARC_LOAD_ON_DEMAND' is not supported. It is ignored.
W: Adm-4001: Attribute 'PAP_ARC_LOAD_ON_DEMAND' is not supported. It is ignored.
W: Adm-4001: Attribute 'PAP_ARC_LOAD_ON_DEMAND' is not supported. It is ignored.
W: Adm-4001: Attribute 'PAP_ARC_LOAD_ON_DEMAND' is not supported. It is ignored.
W: Adm-4001: Attribute 'PAP_ARC_LOAD_ON_DEMAND' is not supported. It is ignored.
W: Adm-4001: Attribute 'PAP_ARC_LOAD_ON_DEMAND' is not supported. It is ignored.
W: Adm-4001: Attribute 'PAP_ARC_LOAD_ON_DEMAND' is not supported. It is ignored.
W: Adm-4001: Attribute 'PAP_ARC_LOAD_ON_DEMAND' is not supported. It is ignored.
W: Adm-4001: Attribute 'PAP_ARC_LOAD_ON_DEMAND' is not supported. It is ignored.
W: Adm-4001: Attribute 'PAP_ARC_LOAD_ON_DEMAND' is not supported. It is ignored.
W: Adm-4001: Attribute 'PAP_ARC_LOAD_ON_DEMAND' is not supported. It is ignored.
W: Adm-4001: Attribute 'PAP_ARC_LOAD_ON_DEMAND' is not supported. It is ignored.
W: Adm-4001: Attribute 'PAP_ARC_LOAD_ON_DEMAND' is not supported. It is ignored.
W: Adm-4001: Attribute 'PAP_ARC_LOAD_ON_DEMAND' is not supported. It is ignored.
W: Adm-4001: Attribute 'PAP_ARC_LOAD_ON_DEMAND' is not supported. It is ignored.
W: Adm-4001: Attribute 'PAP_ARC_LOAD_ON_DEMAND' is not supported. It is ignored.
W: Adm-4001: Attribute 'PAP_ARC_LOAD_ON_DEMAND' is not supported. It is ignored.
W: Adm-4001: Attribute 'PAP_ARC_LOAD_ON_DEMAND' is not supported. It is ignored.
W: Adm-4001: Attribute 'PAP_ARC_LOAD_ON_DEMAND' is not supported. It is ignored.
W: Adm-4001: Attribute 'PAP_ARC_LOAD_ON_DEMAND' is not supported. It is ignored.
W: Adm-4001: Attribute 'PAP_ARC_LOAD_ON_DEMAND' is not supported. It is ignored.
W: Adm-4001: Attribute 'PAP_ARC_LOAD_ON_DEMAND' is not supported. It is ignored.
W: Adm-4001: Attribute 'PAP_ARC_LOAD_ON_DEMAND' is not supported. It is ignored.
W: Adm-4001: Attribute 'PAP_ARC_LOAD_ON_DEMAND' is not supported. It is ignored.
W: Adm-4001: Attribute 'PAP_ARC_LOAD_ON_DEMAND' is not supported. It is ignored.
W: Adm-4001: Attribute 'PAP_ARC_LOAD_ON_DEMAND' is not supported. It is ignored.
W: Adm-4001: Attribute 'PAP_ARC_LOAD_ON_DEMAND' is not supported. It is ignored.
W: Adm-4001: Attribute 'PAP_ARC_LOAD_ON_DEMAND' is not supported. It is ignored.
W: Adm-4001: Attribute 'PAP_ARC_LOAD_ON_DEMAND' is not supported. It is ignored.
W: Adm-4001: Attribute 'PAP_ARC_LOAD_ON_DEMAND' is not supported. It is ignored.
W: Adm-4001: Attribute 'PAP_ARC_LOAD_ON_DEMAND' is not supported. It is ignored.
W: Adm-4001: Attribute 'PAP_ARC_LOAD_ON_DEMAND' is not supported. It is ignored.
W: Adm-4001: Attribute 'PAP_ARC_LOAD_ON_DEMAND' is not supported. It is ignored.
W: Adm-4001: Attribute 'PAP_ARC_LOAD_ON_DEMAND' is not supported. It is ignored.
W: Adm-4001: Attribute 'PAP_ARC_LOAD_ON_DEMAND' is not supported. It is ignored.
W: Adm-4001: Attribute 'PAP_ARC_LOAD_ON_DEMAND' is not supported. It is ignored.
W: Adm-4001: Attribute 'PAP_ARC_LOAD_ON_DEMAND' is not supported. It is ignored.
W: Adm-4001: Attribute 'PAP_ARC_LOAD_ON_DEMAND' is not supported. It is ignored.
W: Adm-4001: Attribute 'PAP_ARC_LOAD_ON_DEMAND' is not supported. It is ignored.
W: Adm-4001: Attribute 'PAP_ARC_LOAD_ON_DEMAND' is not supported. It is ignored.
W: Adm-4001: Attribute 'PAP_ARC_LOAD_ON_DEMAND' is not supported. It is ignored.
W: Adm-4001: Attribute 'PAP_ARC_LOAD_ON_DEMAND' is not supported. It is ignored.
W: Adm-4001: Attribute 'PAP_ARC_LOAD_ON_DEMAND' is not supported. It is ignored.
W: Adm-4001: Attribute 'PAP_ARC_LOAD_ON_DEMAND' is not supported. It is ignored.
W: Adm-4001: Attribute 'PAP_ARC_LOAD_ON_DEMAND' is not supported. It is ignored.
W: Adm-4001: Attribute 'PAP_ARC_LOAD_ON_DEMAND' is not supported. It is ignored.
W: Adm-4001: Attribute 'PAP_ARC_LOAD_ON_DEMAND' is not supported. It is ignored.
W: Adm-4001: Attribute 'PAP_ARC_LOAD_ON_DEMAND' is not supported. It is ignored.
W: Adm-4001: Attribute 'PAP_ARC_LOAD_ON_DEMAND' is not supported. It is ignored.
W: Adm-4001: Attribute 'PAP_ARC_LOAD_ON_DEMAND' is not supported. It is ignored.
W: Adm-4001: Attribute 'PAP_ARC_LOAD_ON_DEMAND' is not supported. It is ignored.
W: Adm-4001: Attribute 'PAP_ARC_LOAD_ON_DEMAND' is not supported. It is ignored.
W: Adm-4001: Attribute 'PAP_ARC_LOAD_ON_DEMAND' is not supported. It is ignored.
W: Adm-4001: Attribute 'PAP_ARC_LOAD_ON_DEMAND' is not supported. It is ignored.
W: Adm-4001: Attribute 'PAP_ARC_LOAD_ON_DEMAND' is not supported. It is ignored.
W: Adm-4001: Attribute 'PAP_ARC_LOAD_ON_DEMAND' is not supported. It is ignored.
W: Adm-4001: Attribute 'PAP_ARC_LOAD_ON_DEMAND' is not supported. It is ignored.
W: Adm-4001: Attribute 'PAP_ARC_LOAD_ON_DEMAND' is not supported. It is ignored.
W: Adm-4001: Attribute 'PAP_ARC_LOAD_ON_DEMAND' is not supported. It is ignored.
W: Adm-4001: Attribute 'PAP_ARC_LOAD_ON_DEMAND' is not supported. It is ignored.
W: Adm-4001: Attribute 'PAP_ARC_LOAD_ON_DEMAND' is not supported. It is ignored.
W: Adm-4001: Attribute 'PAP_ARC_LOAD_ON_DEMAND' is not supported. It is ignored.
W: Adm-4001: Attribute 'PAP_ARC_LOAD_ON_DEMAND' is not supported. It is ignored.
W: Adm-4001: Attribute 'PAP_ARC_LOAD_ON_DEMAND' is not supported. It is ignored.
W: Adm-4001: Attribute 'PAP_ARC_LOAD_ON_DEMAND' is not supported. It is ignored.
W: Adm-4001: Attribute 'PAP_ARC_LOAD_ON_DEMAND' is not supported. It is ignored.
W: Adm-4001: Attribute 'PAP_ARC_LOAD_ON_DEMAND' is not supported. It is ignored.
W: Adm-4001: Attribute 'PAP_ARC_LOAD_ON_DEMAND' is not supported. It is ignored.
W: Adm-4001: Attribute 'PAP_ARC_LOAD_ON_DEMAND' is not supported. It is ignored.
W: Adm-4001: Attribute 'PAP_ARC_LOAD_ON_DEMAND' is not supported. It is ignored.
W: Adm-4001: Attribute 'PAP_ARC_LOAD_ON_DEMAND' is not supported. It is ignored.
W: Adm-4001: Attribute 'PAP_ARC_LOAD_ON_DEMAND' is not supported. It is ignored.
W: Adm-4001: Attribute 'PAP_ARC_LOAD_ON_DEMAND' is not supported. It is ignored.
W: Adm-4001: Attribute 'PAP_ARC_LOAD_ON_DEMAND' is not supported. It is ignored.
W: Adm-4001: Attribute 'PAP_ARC_LOAD_ON_DEMAND' is not supported. It is ignored.
W: Adm-4001: Attribute 'PAP_ARC_LOAD_ON_DEMAND' is not supported. It is ignored.
W: Adm-4001: Attribute 'PAP_ARC_LOAD_ON_DEMAND' is not supported. It is ignored.
W: Adm-4001: Attribute 'PAP_ARC_LOAD_ON_DEMAND' is not supported. It is ignored.
W: Adm-4001: Attribute 'PAP_ARC_LOAD_ON_DEMAND' is not supported. It is ignored.
W: Adm-4001: Attribute 'PAP_ARC_LOAD_ON_DEMAND' is not supported. It is ignored.
W: Adm-4001: Attribute 'PAP_ARC_LOAD_ON_DEMAND' is not supported. It is ignored.
W: Adm-4001: Attribute 'PAP_ARC_LOAD_ON_DEMAND' is not supported. It is ignored.
W: Adm-4001: Attribute 'PAP_ARC_LOAD_ON_DEMAND' is not supported. It is ignored.
W: Adm-4001: Attribute 'PAP_ARC_LOAD_ON_DEMAND' is not supported. It is ignored.
W: Adm-4001: Attribute 'PAP_ARC_LOAD_ON_DEMAND' is not supported. It is ignored.
W: Adm-4001: Attribute 'PAP_ARC_LOAD_ON_DEMAND' is not supported. It is ignored.
W: Adm-4001: Attribute 'PAP_ARC_LOAD_ON_DEMAND' is not supported. It is ignored.
W: Adm-4001: Attribute 'PAP_ARC_LOAD_ON_DEMAND' is not supported. It is ignored.
W: Adm-4001: Attribute 'PAP_ARC_LOAD_ON_DEMAND' is not supported. It is ignored.
W: Adm-4001: Attribute 'PAP_ARC_LOAD_ON_DEMAND' is not supported. It is ignored.
W: Adm-4001: Attribute 'PAP_ARC_LOAD_ON_DEMAND' is not supported. It is ignored.
W: Adm-4001: Attribute 'PAP_ARC_LOAD_ON_DEMAND' is not supported. It is ignored.
W: Adm-4001: Attribute 'PAP_ARC_LOAD_ON_DEMAND' is not supported. It is ignored.
W: Adm-4001: Attribute 'PAP_ARC_LOAD_ON_DEMAND' is not supported. It is ignored.
W: Adm-4001: Attribute 'PAP_ARC_LOAD_ON_DEMAND' is not supported. It is ignored.
W: Adm-4001: Attribute 'PAP_ARC_LOAD_ON_DEMAND' is not supported. It is ignored.
W: Adm-4001: Attribute 'PAP_ARC_LOAD_ON_DEMAND' is not supported. It is ignored.
W: Adm-4001: Attribute 'PAP_ARC_LOAD_ON_DEMAND' is not supported. It is ignored.
W: Adm-4001: Attribute 'PAP_ARC_LOAD_ON_DEMAND' is not supported. It is ignored.
W: Adm-4001: Attribute 'PAP_ARC_LOAD_ON_DEMAND' is not supported. It is ignored.
W: Adm-4001: Attribute 'PAP_ARC_LOAD_ON_DEMAND' is not supported. It is ignored.
W: Adm-4001: Attribute 'PAP_ARC_LOAD_ON_DEMAND' is not supported. It is ignored.
W: Adm-4001: Attribute 'PAP_ARC_LOAD_ON_DEMAND' is not supported. It is ignored.
W: Adm-4001: Attribute 'PAP_ARC_LOAD_ON_DEMAND' is not supported. It is ignored.
W: Adm-4001: Attribute 'PAP_ARC_LOAD_ON_DEMAND' is not supported. It is ignored.
W: Adm-4001: Attribute 'PAP_ARC_LOAD_ON_DEMAND' is not supported. It is ignored.
W: Adm-4001: Attribute 'PAP_ARC_LOAD_ON_DEMAND' is not supported. It is ignored.
W: Adm-4001: Attribute 'PAP_ARC_LOAD_ON_DEMAND' is not supported. It is ignored.
W: Adm-4001: Attribute 'PAP_ARC_LOAD_ON_DEMAND' is not supported. It is ignored.
W: Adm-4001: Attribute 'PAP_ARC_LOAD_ON_DEMAND' is not supported. It is ignored.
W: Adm-4001: Attribute 'PAP_ARC_LOAD_ON_DEMAND' is not supported. It is ignored.
W: Adm-4001: Attribute 'PAP_ARC_LOAD_ON_DEMAND' is not supported. It is ignored.
W: Adm-4001: Attribute 'PAP_ARC_LOAD_ON_DEMAND' is not supported. It is ignored.
W: Adm-4001: Attribute 'PAP_ARC_LOAD_ON_DEMAND' is not supported. It is ignored.
W: Adm-4001: Attribute 'PAP_ARC_LOAD_ON_DEMAND' is not supported. It is ignored.
W: Adm-4001: Attribute 'PAP_ARC_LOAD_ON_DEMAND' is not supported. It is ignored.
W: Adm-4001: Attribute 'PAP_ARC_LOAD_ON_DEMAND' is not supported. It is ignored.
W: Adm-4001: Attribute 'PAP_ARC_LOAD_ON_DEMAND' is not supported. It is ignored.
W: Adm-4001: Attribute 'PAP_ARC_LOAD_ON_DEMAND' is not supported. It is ignored.
W: Adm-4001: Attribute 'PAP_ARC_LOAD_ON_DEMAND' is not supported. It is ignored.
W: Adm-4001: Attribute 'PAP_ARC_LOAD_ON_DEMAND' is not supported. It is ignored.
W: Adm-4001: Attribute 'PAP_ARC_LOAD_ON_DEMAND' is not supported. It is ignored.
W: Adm-4001: Attribute 'PAP_ARC_LOAD_ON_DEMAND' is not supported. It is ignored.
W: Adm-4001: Attribute 'PAP_ARC_LOAD_ON_DEMAND' is not supported. It is ignored.
W: Adm-4001: Attribute 'PAP_ARC_LOAD_ON_DEMAND' is not supported. It is ignored.
W: Adm-4001: Attribute 'PAP_ARC_LOAD_ON_DEMAND' is not supported. It is ignored.
W: Adm-4001: Attribute 'PAP_ARC_LOAD_ON_DEMAND' is not supported. It is ignored.
W: Adm-4001: Attribute 'PAP_ARC_LOAD_ON_DEMAND' is not supported. It is ignored.
W: Adm-4001: Attribute 'PAP_ARC_LOAD_ON_DEMAND' is not supported. It is ignored.
W: Adm-4001: Attribute 'PAP_ARC_LOAD_ON_DEMAND' is not supported. It is ignored.
W: Adm-4001: Attribute 'PAP_ARC_LOAD_ON_DEMAND' is not supported. It is ignored.
W: Adm-4001: Attribute 'PAP_ARC_LOAD_ON_DEMAND' is not supported. It is ignored.
W: Adm-4001: Attribute 'PAP_ARC_LOAD_ON_DEMAND' is not supported. It is ignored.
Compiling verification operator library.
